
GAMS Rev 143  Copyright (C) 1987-2005 GAMS Development. All rights reserved
Licensee: David Adamson                                  G050411:1546AP-WIN
          The University of Queensland,  Risk & Sustainable ManagemenDC5245
          License for teaching and research at degree granting institutions
--- Starting compilation
--- HonsThesisDairyLP.gms(84) 2 Mb
--- GDXin=C:\Documents and Settings\Neal\My Documents\gamsdir\HonsThesisDairy.gdx
--- HonsThesisDairyLP.gms(100) 4 Mb
--- Starting execution
--- HonsThesisDairyLP.gms(98) 5 Mb
--- Generating LP model m
--- HonsThesisDairyLP.gms(100) 6 Mb
---   1,738 rows  3,798 columns  22,917 non-zeroes
--- HonsThesisDairyLP.gms(100) 6 Mb
--- Executing CONOPT
C O N O P T 3 Aug  1, 2005 WIN.CO.CO 22.0 016.055.041.VIS Library 314M     
 
 
    C O N O P T 3   Intel/MS Windows version 3.14M-016-055
    Copyright (C)   ARKI Consulting and Development A/S
                    Bagsvaerdvej 246 A
                    DK-2880 Bagsvaerd, Denmark
 
 Using default options.
 
 Reading Data
 
   Iter Phase Ninf   Infeasibility   RGmax    NSB   Step InItr MX OK
      0   0        1.0000000000E+00 (Input point)
                                Pre-triangular equations:        1
                                Post-triangular equations:       1
      1   0        2.6112346601E+05 (After pre-processing)
      2   0        3.1875423096E+01 (After scaling)
      3   1    11  3.0050597536E+01 7.8E+02     1 1.0E+00   50 T  T
      4   1    11  2.7686642394E+01 5.3E-03    55 1.0E+00   55 T  T
      5   1    11  2.5438983222E+01 1.7E+01    45 1.0E+00   60 T  T
      6   1    11  2.3772926659E+01 4.6E+01    40 1.0E+00   62 T  T
      7   1    11  2.1408671596E+01 5.0E+01    39 1.0E+00   70 T  T
 
   Iter Phase Ninf   Infeasibility   RGmax    NSB   Step InItr MX OK
      8   1    11  2.0129911269E+01 8.6E+01    35 1.0E+00   75 T  T
      9   1    11  1.8192549522E+01 6.7E+01    37 1.0E+00   80 T  T
     10   1    11  1.6194627841E+01 8.7E+01    35 1.0E+00   85 T  T
     11   1    11  1.4253543018E+01 3.1E+01    36 1.0E+00   90 T  T
     12   1    11  1.1525976829E+01 1.3E+01    45 1.0E+00   95 T  T
     13   1    11  9.4974043363E+00 4.1E+01    47 1.0E+00  100 T  T
     14   1    10  7.8599801413E+00 8.6E+01    80 1.0E+00  105 T  T
     15   1    10  7.4529266218E+00 2.6E+01    46 1.0E+00  112 T  T
     16   1    10  7.1138695251E+00 5.5E+01    39 1.0E+00  115 T  T
     17   1    10  6.7745136168E+00 1.3E+02    36 1.0E+00  120 T  T
 
   Iter Phase Ninf   Infeasibility   RGmax    NSB   Step InItr MX OK
     18   1    10  5.8498629011E+00 6.2E+01    63 1.0E+00  125 T  T
     19   1    10  5.3716018972E+00 6.3E+01    42 1.0E+00  126 T  T
     20   1     8  4.8301419821E+00 7.7E+01    41 1.0E+00  135 T  T
     21   1     8  4.1903256101E+00 3.3E+01    62 1.0E+00  140 T  T
     22   1     7  3.7384466762E+00 4.3E+01    53 1.0E+00  145 T  T
     23   1     6  3.5036554118E+00 3.8E+02    46 1.0E+00  150 T  T
     24   1     5  3.1659193855E+00 6.7E+00    47 1.0E+00  155 T  T
     25   1     5  2.9294792161E+00 9.9E+01    33 1.0E+00  160 T  T
     26   1     4  2.7414399927E+00 3.9E+01    41 1.0E+00  165 T  T
     27   1     4  2.5905302396E+00 2.5E+01    49 1.0E+00  170 T  T
 
   Iter Phase Ninf   Infeasibility   RGmax    NSB   Step InItr MX OK
     28   1     4  2.3630267614E+00 3.4E+01    56 1.0E+00  175 T  T
     29   1     4  2.1684601485E+00 7.7E+00    63 1.0E+00  180 T  T
     30   1     4  2.0309801710E+00 6.3E+01    51 1.0E+00  185 T  T
     31   1     4  1.9360542959E+00 1.4E+01    47 1.0E+00  190 T  T
     32   1     3  1.7616792986E+00 6.9E+00    82 1.0E+00  195 T  T
     33   1     2  1.6530307976E+00 8.4E+00    69 1.0E+00  200 T  T
     34   1     1  8.1711412121E-02 9.9E+00    63 1.0E+00  111 T  T
     35   1     1  4.0750821550E-03 1.2E+01    67 1.0E+00   86 T  T
 
 ** Feasible solution. Value of objective =   -8244.32785217
 
   Iter Phase Ninf     Objective     RGmax    NSB   Step InItr MX OK
     36   3       -5.0446995943E+03 1.3E+03    28 1.0E+00   50 T  T
     37   3       -3.4301060685E+03 3.9E+04    24 1.0E+00   55 T  T
     38   3       -2.5851374337E+03 2.4E+04    20 1.0E+00   60 T  T
     39   3       -2.0534471863E+03 4.0E+03    24 1.0E+00   65 T  T
     40   3       -1.8646431463E+03 1.8E+04    24 1.0E+00   72 T  T
     41   3       -1.7128976617E+03 3.3E+02    40 1.0E+00   75 T  T
     42   3       -1.4891121675E+03 8.0E+03    27 1.0E+00   80 T  T
     43   3       -1.2487196282E+03 1.4E+03    28 1.0E+00   85 T  T
     44   3       -8.9092380847E+02 1.8E+03    28 1.0E+00   90 T  T
     45   3        1.2419216726E+03 1.3E+04    41 1.0E+00   95 T  T
 
   Iter Phase Ninf     Objective     RGmax    NSB   Step InItr MX OK
     46   3        2.2133877790E+03 1.0E+00    33 1.0E+00  101 T  T
     47   3        3.5152325967E+03 4.9E+03    46 1.0E+00  105 T  T
     48   3        5.9546535752E+03 1.0E+04    36 1.0E+00  110 T  T
     49   3        9.0110863241E+03 2.1E+03    34 1.0E+00  115 T  T
     50   3        1.2826030129E+04 1.0E+00    45 1.0E+00  120 T  T
     51   3        1.4044859007E+04 1.9E+04    36 1.0E+00  127 T  T
     52   3        1.6142127195E+04 1.0E+04    51 1.0E+00  130 T  T
     53   3        1.8567549725E+04 4.2E+03    31 1.0E+00  135 T  T
     54   3        3.5522808050E+04 1.0E+00    51 1.0E+00  140 T  T
     55   3        3.7229912432E+04 3.3E+04    42 1.0E+00  139 T  T
 
   Iter Phase Ninf     Objective     RGmax    NSB   Step InItr MX OK
     56   3        3.7528647563E+04 1.1E+03    72 1.0E+00  127 T  T
     57   3        3.7528647563E+04 0.0E+00     0
 
 ** Optimal solution. There are no superbasic variables.
 
--- Restarting execution
--- HonsThesisDairyLP.gms(100) 0 Mb
--- Reading solution for model m
--- HonsThesisDairyLP.gms(100) 3 Mb
*** Status: Normal completion
