
--- Job Creating Hons ThesisDairy Linear Program.gms Start 04/20/06 11:27:50
GAMS Rev 144  Copyright (C) 1987-2006 GAMS Development. All rights reserved
Licensee: David Adamson                                  G050411:1546AP-WIN
          The University of Queensland,  Risk & Sustainable ManagemenDC5245
          License for teaching and research at degree granting institutions
--- Starting compilation
--- Creating Hons ThesisDairy Linear Program.gms(36) 3 Mb
--- .GF.csv(13) 3 Mb
--- Creating Hons ThesisDairy Linear Program.gms(42) 3 Mb
--- .CF.csv(13) 3 Mb
--- Creating Hons ThesisDairy Linear Program.gms(48) 3 Mb
--- .LF.csv(13) 3 Mb
--- Creating Hons ThesisDairy Linear Program.gms(56) 3 Mb
--- .CS.csv(13) 3 Mb
--- Creating Hons ThesisDairy Linear Program.gms(105) 3 Mb
--- .DMS.csv(4) 3 Mb
--- Creating Hons ThesisDairy Linear Program.gms(111) 3 Mb
--- .DMF.csv(13) 3 Mb
--- Creating Hons ThesisDairy Linear Program.gms(117) 3 Mb
--- .DMH.csv(3) 3 Mb
--- Creating Hons ThesisDairy Linear Program.gms(124) 3 Mb
--- .PS.csv(2) 3 Mb
--- Creating Hons ThesisDairy Linear Program.gms(130) 3 Mb
--- .PF.csv(13) 3 Mb
--- Creating Hons ThesisDairy Linear Program.gms(136) 3 Mb
--- .PH.csv(3) 3 Mb
--- Creating Hons ThesisDairy Linear Program.gms(143) 3 Mb
--- .MES.csv(2) 3 Mb
--- Creating Hons ThesisDairy Linear Program.gms(149) 3 Mb
--- .MEF.csv(13) 3 Mb
--- Creating Hons ThesisDairy Linear Program.gms(155) 3 Mb
--- .MEH.csv(3) 3 Mb
--- Creating Hons ThesisDairy Linear Program.gms(162) 3 Mb
--- .FS.csv(3) 3 Mb
--- Creating Hons ThesisDairy Linear Program.gms(169) 3 Mb
--- .FF.csv(96) 3 Mb
--- Creating Hons ThesisDairy Linear Program.gms(177) 3 Mb
--- .FH.csv(16) 3 Mb
--- Creating Hons ThesisDairy Linear Program.gms(186) 3 Mb
--- .ProdRests.csv(13) 3 Mb
--- Creating Hons ThesisDairy Linear Program.gms(203) 3 Mb
--- .DMIs.csv(13) 3 Mb
--- Creating Hons ThesisDairy Linear Program.gms(214) 3 Mb
--- .Prots.csv(13) 3 Mb
--- Creating Hons ThesisDairy Linear Program.gms(225) 3 Mb
--- .MEMaints.csv(13) 3 Mb
--- Creating Hons ThesisDairy Linear Program.gms(235) 3 Mb
--- .MEProds.csv(10) 3 Mb
--- Creating Hons ThesisDairy Linear Program.gms(263) 3 Mb
--- .LCCAdv.csv(13) 3 Mb
--- Creating Hons ThesisDairy Linear Program.gms(288) 3 Mb
--- .MP.csv(13) 3 Mb
--- Creating Hons ThesisDairy Linear Program.gms(617) 3 Mb
--- .xlchart.gms(274) 3 Mb
--- Creating Hons ThesisDairy Linear Program.gms(1168) 3 Mb
--- Starting execution
--- Creating Hons ThesisDairy Linear Program.gms(601) 4 Mb
--- Generating LP model DairyFarm
--- Creating Hons ThesisDairy Linear Program.gms(846) 5 Mb
---   2,196 rows  4,100 columns  27,011 non-zeroes
--- Executing CONOPT
C O N O P T 3 Mar 15, 2006 WIN.CO.CO 22.1 016.056.041.VIS Library 314O     
 
 
    C O N O P T 3   x86/MS Windows version 3.14O-016-056
    Copyright (C)   ARKI Consulting and Development A/S
                    Bagsvaerdvej 246 A
                    DK-2880 Bagsvaerd, Denmark
 
 Using default options.
 
 Reading Data
 
   Iter Phase Ninf   Infeasibility   RGmax    NSB   Step InItr MX OK
      0   0        1.0000000000E+00 (Input point)
                                Pre-triangular equations:        1
                                Post-triangular equations:      10
      1   0        2.3806827000E+05 (After pre-processing)
      2   0        3.9683869629E+01 (After scaling)
      3   0     3  3.9683869629E+01               0.0E+00      T  T
      4   0     3  3.9683869629E+01               0.0E+00      T  T
      5   0     3  3.9683869629E+01               0.0E+00      T  T
      6   0     3  3.9683869629E+01               0.0E+00      T  T
      7   0     3  3.9683869629E+01               0.0E+00      T  T
 
   Iter Phase Ninf   Infeasibility   RGmax    NSB   Step InItr MX OK
      8   0     3  3.9683869629E+01               0.0E+00      T  T
      9   0     3  3.9683869629E+01               0.0E+00      T  T
     10   0     3  3.9683869629E+01               0.0E+00      T  T
     11   0     3  3.9683869629E+01               0.0E+00      T  T
     12   0     3  3.9683869629E+01               0.0E+00      T  T
     13   0     3  3.9683869629E+01               0.0E+00      T  T
     14   0     3  3.9683869629E+01               0.0E+00      T  T
     15   0     3  3.9683869629E+01               0.0E+00      T  T
     16   0     3  3.9683869629E+01               0.0E+00      T  T
     17   0     3  3.9683869629E+01               0.0E+00      T  T
 
   Iter Phase Ninf   Infeasibility   RGmax    NSB   Step InItr MX OK
     18   0     3  3.9683869629E+01               0.0E+00      T  T
     19   0     3  3.9683869629E+01               0.0E+00      T  T
     20   0     3  3.9683869629E+01               0.0E+00      T  T
     21   0     3  3.9683869629E+01               0.0E+00      T  T
     22   0     3  3.9683869629E+01               0.0E+00      T  T
     23   0     3  3.9683869629E+01               0.0E+00      T  T
     24   0     3  3.9683869629E+01               0.0E+00      T  T
     25   0     3  3.9683869629E+01               0.0E+00      T  T
     26   0     3  3.9683869629E+01               0.0E+00      T  T
     27   0     3  3.9683869629E+01               0.0E+00      T  T
 
   Iter Phase Ninf   Infeasibility   RGmax    NSB   Step InItr MX OK
     28   0     3  3.9683869629E+01               0.0E+00      T  T
     29   0     3  3.9683869629E+01               0.0E+00      T  T
     30   0     3  3.9683869629E+01               0.0E+00      T  T
     31   0     3  3.9683869629E+01               0.0E+00      T  T
     32   0     3  3.9683869629E+01               0.0E+00      T  T
     33   0     3  3.9683869629E+01               0.0E+00      T  T
     34   0     3  3.9683869629E+01               0.0E+00      T  T
     35   0     3  3.9683869629E+01               0.0E+00      T  T
     36   0     3  3.9683869629E+01               0.0E+00      T  T
     37   0     3  3.9683869629E+01               0.0E+00      T  T
 
   Iter Phase Ninf   Infeasibility   RGmax    NSB   Step InItr MX OK
     38   0     3  3.9683869629E+01               0.0E+00      T  T
     39   0     3  3.9683869629E+01               0.0E+00      T  T
     40   0     3  3.9683869629E+01               0.0E+00      T  T
     41   0     3  3.9683869629E+01               0.0E+00      T  T
     42   0     3  3.9683869629E+01               0.0E+00      T  T
     43   0     3  3.9683869629E+01               0.0E+00      T  T
     44   0     3  3.9683869629E+01               0.0E+00      T  T
     45   0     3  3.9683869629E+01               0.0E+00      T  T
     46   0     3  3.9683869629E+01               0.0E+00      T  T
     47   0     3  3.9683869629E+01               0.0E+00      T  T
 
   Iter Phase Ninf   Infeasibility   RGmax    NSB   Step InItr MX OK
     48   0     3  3.9683869629E+01               0.0E+00      T  T
     49   0     3  3.9683869629E+01               0.0E+00      T  T
     50   0     3  3.9683869629E+01               0.0E+00      T  T
     51   0     3  3.9683869629E+01               0.0E+00      T  T
     52   0     3  3.9683869629E+01               0.0E+00      T  T
     53   0     3  3.9683869629E+01               0.0E+00      T  T
     54   0     3  3.9683869629E+01               0.0E+00      T  T
     55   0     3  3.9683869629E+01               0.0E+00      T  T
     56   0     3  3.9683869629E+01               0.0E+00      T  T
     57   0     3  3.9683869629E+01               0.0E+00      T  T
 
   Iter Phase Ninf   Infeasibility   RGmax    NSB   Step InItr MX OK
     58   0     3  3.9683869629E+01               0.0E+00      T  T
     59   0     3  3.9683869629E+01               0.0E+00      T  T
     60   0     3  3.9683869629E+01               0.0E+00      T  T
     61   0     3  3.9683869629E+01               0.0E+00      T  T
     62   0     3  3.9683869629E+01               0.0E+00      T  T
     63   0     3  3.9683869629E+01               0.0E+00      T  T
     64   0     3  3.9683869629E+01               0.0E+00      T  T
     65   0     4  3.9683869629E+01               0.0E+00      T  T
     66   0     4  3.9683869629E+01               0.0E+00      T  T
     67   0     4  3.9683869629E+01               0.0E+00      T  T
 
   Iter Phase Ninf   Infeasibility   RGmax    NSB   Step InItr MX OK
     68   0     4  3.9683869629E+01               0.0E+00      T  T
     69   0     4  3.9683869629E+01               0.0E+00      T  T
     70   0     4  3.9683869629E+01               0.0E+00      T  T
     71   0     4  3.9683869629E+01               0.0E+00      T  T
     72   0     4  3.9683869629E+01               0.0E+00      T  T
     73   0     4  3.9683869629E+01               0.0E+00      T  T
     74   0     4  3.9683869629E+01               0.0E+00      T  T
     75   0     4  3.9683869629E+01               0.0E+00      T  T
     76   0     4  3.9683869629E+01               0.0E+00      T  T
     77   0     4  3.9683869629E+01               0.0E+00      T  T
 
   Iter Phase Ninf   Infeasibility   RGmax    NSB   Step InItr MX OK
     78   0     4  3.9683869629E+01               0.0E+00      T  T
     79   0     4  3.9683869629E+01               0.0E+00      T  T
     80   0     4  3.9683869629E+01               0.0E+00      T  T
     81   0     4  3.9683869629E+01               0.0E+00      T  T
     82   0     4  3.9683869629E+01               0.0E+00      T  T
     83   0     4  3.9683869629E+01               0.0E+00      T  T
     84   0     4  3.9683869629E+01               0.0E+00      T  T
     85   0     4  3.9683869629E+01               0.0E+00      T  T
     86   0     4  3.9683869629E+01               0.0E+00      T  T
     87   0     4  3.9683869629E+01               0.0E+00      T  T
 
   Iter Phase Ninf   Infeasibility   RGmax    NSB   Step InItr MX OK
     88   0     4  3.9683869629E+01               0.0E+00      T  T
     89   0     4  3.9683869629E+01               0.0E+00      T  T
     90   0     4  3.9683869629E+01               0.0E+00      T  T
     91   0     4  3.9683869629E+01               0.0E+00      T  T
     92   0     4  3.9683869629E+01               0.0E+00      T  T
     93   0     4  3.9683869629E+01               0.0E+00      T  T
     94   0     4  3.9683869629E+01               0.0E+00      T  T
     95   0     4  3.9683869629E+01               0.0E+00      T  T
     96   0     4  3.9683869629E+01               0.0E+00      T  T
     97   0     4  3.9683869629E+01               0.0E+00      T  T
 
   Iter Phase Ninf   Infeasibility   RGmax    NSB   Step InItr MX OK
     98   0     4  3.9683869629E+01               0.0E+00      T  T
     99   0     4  3.9683869629E+01               0.0E+00      T  T
    100   0     4  3.9683869629E+01               0.0E+00      T  T
    101   0     4  3.9683869629E+01               0.0E+00      T  T
    102   0     4  3.9683869629E+01               0.0E+00      T  T
    103   0     4  3.9683869629E+01               0.0E+00      T  T
    104   0     4  3.9683869629E+01               0.0E+00      T  T
    105   0     4  3.9683869629E+01               0.0E+00      T  T
    106   0     4  3.9683869629E+01               0.0E+00      T  T
    107   0     4  3.9683869629E+01               0.0E+00      T  T
 
   Iter Phase Ninf   Infeasibility   RGmax    NSB   Step InItr MX OK
    108   0     4  3.9683869629E+01               0.0E+00      T  T
    109   0     4  3.9683869629E+01               0.0E+00      T  T
    110   0     4  3.9683869629E+01               0.0E+00      T  T
    111   0     4  3.9683869629E+01               0.0E+00      T  T
    112   0     4  3.9683869629E+01               0.0E+00      T  T
    113   0     4  3.9683869629E+01               0.0E+00      T  T
    114   0     4  3.9683869629E+01               0.0E+00      T  T
    115   0     4  3.9683869629E+01               0.0E+00      T  T
    116   0     4  3.9683869629E+01               0.0E+00      T  T
    117   0     4  3.9683869629E+01               0.0E+00      T  T
 
   Iter Phase Ninf   Infeasibility   RGmax    NSB   Step InItr MX OK
    118   0     4  3.9683869629E+01               0.0E+00      T  T
    119   0     4  3.9683869629E+01               0.0E+00      T  T
    120   0     4  3.9683869629E+01               0.0E+00      T  T
    121   0     4  3.9683869629E+01               0.0E+00      T  T
    122   0     4  3.9683869629E+01               0.0E+00      T  T
    123   0     4  3.9683869629E+01               0.0E+00      T  T
    124   0     4  3.9683869629E+01               0.0E+00      T  T
    125   0     4  3.9683869629E+01               0.0E+00      T  T
    126   0     4  3.9683869629E+01               0.0E+00      T  T
    127   0     4  3.9683869629E+01               0.0E+00      T  T
 
   Iter Phase Ninf   Infeasibility   RGmax    NSB   Step InItr MX OK
    128   0     4  3.9683869629E+01               0.0E+00      T  T
    129   0     4  3.9683869629E+01               0.0E+00      T  T
    130   0     4  3.9683869629E+01               0.0E+00      T  T
    131   0     4  3.9683869629E+01               0.0E+00      T  T
    132   0     4  3.9683869629E+01               0.0E+00      T  T
    133   0     4  3.9683869629E+01               0.0E+00      T  T
    134   0     4  3.9683869629E+01               0.0E+00      T  T
    135   0     4  3.9683869629E+01               0.0E+00      T  T
    136   0     4  3.9683869629E+01               0.0E+00      T  T
    137   0     5  3.9683869629E+01               0.0E+00      T  T
 
   Iter Phase Ninf   Infeasibility   RGmax    NSB   Step InItr MX OK
    138   0     5  3.9683869629E+01               0.0E+00      T  T
    139   0     5  3.9683869629E+01               0.0E+00      T  T
    140   0     5  3.9683869629E+01               0.0E+00      T  T
    141   0     5  3.9683869629E+01               0.0E+00      T  T
    142   0     5  3.9683869629E+01               0.0E+00      T  T
    143   0     5  3.9683869629E+01               0.0E+00      T  T
    144   0     5  3.9683869629E+01               0.0E+00      T  T
    145   0     5  3.9683869629E+01               0.0E+00      T  T
    146   0     5  3.9683869629E+01               0.0E+00      T  T
    147   0     6  3.9683869629E+01               0.0E+00      T  T
 
   Iter Phase Ninf   Infeasibility   RGmax    NSB   Step InItr MX OK
    148   0     6  3.9683869629E+01               0.0E+00      T  T
    149   0     6  3.9683869629E+01               0.0E+00      T  T
    150   0     6  3.9683869629E+01               0.0E+00      T  T
    151   0     6  3.9683869629E+01               0.0E+00      T  T
    152   0     7  3.9683869629E+01               0.0E+00      T  T
    153   0     7  3.9683869629E+01               0.0E+00      T  T
    154   0     7  3.9683869629E+01               0.0E+00      T  T
    155   0     7  3.9683869629E+01               0.0E+00      T  T
    156   0     7  3.9683869629E+01               0.0E+00      T  T
    157   0     7  3.9683869629E+01               0.0E+00      T  T
 
   Iter Phase Ninf   Infeasibility   RGmax    NSB   Step InItr MX OK
    158   0     7  3.9683869629E+01               0.0E+00      T  T
    159   0     7  3.9683869629E+01               0.0E+00      T  T
    160   0     7  3.9683869629E+01               0.0E+00      T  T
    161   0     8  3.9683869629E+01               0.0E+00      T  T
    162   0     8  3.9683869629E+01               0.0E+00      T  T
    163   0     8  3.9683869629E+01               0.0E+00      T  T
    164   0     8  3.9683869629E+01               0.0E+00      T  T
    165   0     8  3.9683869629E+01               0.0E+00      T  T
    166   0     8  3.9683869629E+01               0.0E+00      T  T
    167   0     8  3.9683869629E+01               0.0E+00      T  T
 
   Iter Phase Ninf   Infeasibility   RGmax    NSB   Step InItr MX OK
    168   0     8  3.9683869629E+01               0.0E+00      T  T
    169   0     8  3.9683869629E+01               0.0E+00      T  T
    170   0     8  3.9683869629E+01               0.0E+00      T  T
    171   0     8  3.9683869629E+01               0.0E+00      T  T
    172   0     8  3.9683869629E+01               0.0E+00      T  T
    173   0     8  3.9683869629E+01               0.0E+00      T  T
    174   0     8  3.9683869629E+01               0.0E+00      T  T
    175   0     8  3.9683869629E+01               0.0E+00      T  T
    176   0     8  3.9683869629E+01               0.0E+00      T  T
    177   0     8  3.9683869629E+01               0.0E+00      T  T
 
   Iter Phase Ninf   Infeasibility   RGmax    NSB   Step InItr MX OK
    178   0     8  3.9683869629E+01               0.0E+00      T  T
    179   0     8  3.9683869629E+01               0.0E+00      T  T
    180   0     8  3.9683869629E+01               0.0E+00      T  T
    181   0     8  3.9683869629E+01               0.0E+00      T  T
    182   0     8  3.9683869629E+01               0.0E+00      T  T
    183   0     8  3.9683869629E+01               0.0E+00      T  T
    184   0     8  3.9683869629E+01               0.0E+00      T  T
    185   0     8  3.9683869629E+01               0.0E+00      T  T
    186   0     8  3.9683869629E+01               0.0E+00      T  T
    187   0     8  3.9683869629E+01               0.0E+00      T  T
 
   Iter Phase Ninf   Infeasibility   RGmax    NSB   Step InItr MX OK
    188   0     8  3.9683869629E+01               0.0E+00      T  T
    189   0     8  3.9683869629E+01               0.0E+00      T  T
    190   0     8  3.9683869629E+01               0.0E+00      T  T
    191   0     8  3.9683869629E+01               0.0E+00      T  T
    192   0     8  3.9683869629E+01               0.0E+00      T  T
    193   0     8  3.9683869629E+01               0.0E+00      T  T
    194   0     8  3.9683869629E+01               0.0E+00      T  T
    195   0     8  3.9683869629E+01               0.0E+00      T  T
    196   0     8  3.9683869629E+01               0.0E+00      T  T
    197   0     8  3.9683869629E+01               0.0E+00      T  T
 
   Iter Phase Ninf   Infeasibility   RGmax    NSB   Step InItr MX OK
    198   0     8  3.9683869629E+01               0.0E+00      T  T
    199   0     8  3.9683869629E+01               0.0E+00      T  T
    200   0     8  3.9683869629E+01               0.0E+00      T  T
    201   0     8  3.9683869629E+01               0.0E+00      T  T
    202   0     8  3.9683869629E+01               0.0E+00      T  T
    203   0     8  3.9683869629E+01               0.0E+00      T  T
    204   0     8  3.9683869629E+01               0.0E+00      T  T
    205   0     8  3.9683869629E+01               0.0E+00      T  T
    206   0     8  3.9683869629E+01               0.0E+00      T  T
    207   0     8  3.9683869629E+01               0.0E+00      T  T
 
   Iter Phase Ninf   Infeasibility   RGmax    NSB   Step InItr MX OK
    208   0     8  3.9683869629E+01               0.0E+00      F  T
    209   0     9  3.9683869629E+01               0.0E+00      T  T
    210   0     9  3.9683869629E+01               0.0E+00      T  T
    211   0     9  3.9683869629E+01               0.0E+00      T  T
    212   0     9  3.9683869629E+01               0.0E+00      T  T
    213   0     9  3.9683869629E+01               0.0E+00      T  T
    214   0     9  3.9683869629E+01               0.0E+00      T  T
    215   0     9  3.9683869629E+01               0.0E+00      T  T
    216   0     9  3.9683869629E+01               0.0E+00      T  T
    217   0     9  3.9683869629E+01               0.0E+00      T  T
 
   Iter Phase Ninf   Infeasibility   RGmax    NSB   Step InItr MX OK
    218   0     9  3.9683869629E+01               0.0E+00      T  T
    219   0     9  3.9683869629E+01               0.0E+00      T  T
    220   0     9  3.9683869629E+01               0.0E+00      T  T
    221   0     9  3.9683869629E+01               0.0E+00      T  T
    222   0     9  3.9683869629E+01               0.0E+00      T  T
    223   0     9  3.9683869629E+01               0.0E+00      T  T
    224   0     9  3.9683869629E+01               0.0E+00      T  T
    225   0     9  3.9683869629E+01               0.0E+00      T  T
    226   0     9  3.9683869629E+01               0.0E+00      T  T
    227   0     9  3.9683869629E+01               0.0E+00      T  T
 
   Iter Phase Ninf   Infeasibility   RGmax    NSB   Step InItr MX OK
    228   0     9  3.9683869629E+01               0.0E+00      T  T
    229   0     9  3.9683869629E+01               0.0E+00      T  T
    230   0     9  3.9683869629E+01               0.0E+00      T  T
    231   0     9  3.9683869629E+01               0.0E+00      T  T
    232   0     9  3.9683869629E+01               0.0E+00      T  T
    233   0     9  3.9683869629E+01               0.0E+00      T  T
    234   0     9  3.9683869629E+01               0.0E+00      T  T
    235   0     9  3.9683869629E+01               0.0E+00      T  T
    236   0     9  3.9683869629E+01               0.0E+00      T  T
    237   0     9  3.9683869629E+01               0.0E+00      T  T
 
   Iter Phase Ninf   Infeasibility   RGmax    NSB   Step InItr MX OK
    238   0     9  3.9683869629E+01               0.0E+00      T  T
    239   0     9  3.9683869629E+01               0.0E+00      T  T
    240   0     9  3.9683869629E+01               0.0E+00      T  T
    241   0     9  3.9683869629E+01               0.0E+00      T  T
    242   0     9  3.9683869629E+01               0.0E+00      T  T
    243   0     9  3.9683869629E+01               0.0E+00      T  T
    244   0     9  3.9683869629E+01               0.0E+00      T  T
    245   0     9  3.9683869629E+01               0.0E+00      T  T
    246   0     9  3.9683869629E+01               0.0E+00      T  T
    247   0     9  3.9683869629E+01               0.0E+00      T  T
 
   Iter Phase Ninf   Infeasibility   RGmax    NSB   Step InItr MX OK
    248   0     9  3.9683869629E+01               0.0E+00      T  T
    249   0     9  3.9683869629E+01               0.0E+00      T  T
    250   0     9  3.9683869629E+01               0.0E+00      T  T
    251   0     9  3.9683869629E+01               0.0E+00      T  T
    252   0     9  3.9683869629E+01               0.0E+00      T  T
    253   0     9  3.9683869629E+01               0.0E+00      T  T
    254   0     9  3.9683869629E+01               0.0E+00      T  T
    255   0     9  3.9683869629E+01               0.0E+00      T  T
    256   0     9  3.9683869629E+01               0.0E+00      T  T
    257   0     9  3.9683869629E+01               0.0E+00      T  T
 
   Iter Phase Ninf   Infeasibility   RGmax    NSB   Step InItr MX OK
    258   0     9  3.9683869629E+01               0.0E+00      T  T
    259   0     9  3.9683869629E+01               0.0E+00      T  T
    260   0     9  3.9683869629E+01               0.0E+00      T  T
    261   0     9  3.9683869629E+01               0.0E+00      T  T
    262   0     9  3.9683869629E+01               0.0E+00      T  T
    263   0     9  3.9683869629E+01               0.0E+00      T  T
    264   0     9  3.9683869629E+01               0.0E+00      T  T
    265   0     9  3.9683869629E+01               0.0E+00      T  T
    266   0     9  3.9683869629E+01               0.0E+00      T  T
    267   0     9  3.9683869629E+01               0.0E+00      T  T
 
   Iter Phase Ninf   Infeasibility   RGmax    NSB   Step InItr MX OK
    268   0     9  3.9683869629E+01               0.0E+00      T  T
    269   0     9  3.9683869629E+01               0.0E+00      T  T
    270   0     9  3.9683869629E+01               0.0E+00      T  T
    271   0     9  3.9683869629E+01               0.0E+00      T  T
    272   0     9  3.9683869629E+01               0.0E+00      T  T
    273   0     9  3.9683869629E+01               0.0E+00      T  T
    274   0     9  3.9683869629E+01               0.0E+00      T  T
    275   0     9  3.9683869629E+01               0.0E+00      T  T
    276   0     9  3.9683869629E+01               0.0E+00      T  T
    277   0     9  3.9683869629E+01               0.0E+00      T  T
 
   Iter Phase Ninf   Infeasibility   RGmax    NSB   Step InItr MX OK
    278   0     9  3.9683869629E+01               0.0E+00      T  T
    279   0     9  3.9683869629E+01               0.0E+00      T  T
    280   0     9  3.9683869629E+01               0.0E+00      T  T
    281   0     9  3.9683869629E+01               0.0E+00      T  T
    282   0     9  3.9683869629E+01               0.0E+00      T  T
    283   0     9  3.9683869629E+01               0.0E+00      T  T
    284   0     9  3.9683869629E+01               0.0E+00      T  T
    285   0     9  3.9683869629E+01               0.0E+00      T  T
    286   0     9  3.9683869629E+01               0.0E+00      T  T
    287   0     9  3.9683869629E+01               0.0E+00      T  T
 
   Iter Phase Ninf   Infeasibility   RGmax    NSB   Step InItr MX OK
    288   0     9  3.9683869629E+01               0.0E+00      T  T
    289   0     9  3.9683869629E+01               0.0E+00      T  T
    290   0     9  3.9683869629E+01               0.0E+00      T  T
    291   0     9  3.9683869629E+01               0.0E+00      T  T
    292   0     9  3.9683869629E+01               0.0E+00      T  T
    293   0     9  3.9683869629E+01               0.0E+00      T  T
    294   0     9  3.9683869629E+01               0.0E+00      T  T
    295   0     9  3.9683869629E+01               0.0E+00      T  T
    296   0     9  3.9683869629E+01               0.0E+00      T  T
    297   0     9  3.9683869629E+01               0.0E+00      T  T
 
   Iter Phase Ninf   Infeasibility   RGmax    NSB   Step InItr MX OK
    298   0     9  3.9683869629E+01               0.0E+00      T  T
    299   0     9  3.9683869629E+01               0.0E+00      T  T
    300   0     9  3.9683869629E+01               0.0E+00      T  T
    301   0     9  3.9683869629E+01               0.0E+00      T  T
    302   0     9  3.9683869629E+01               0.0E+00      T  T
    303   0     9  3.9683869629E+01               0.0E+00      T  T
    304   0     9  3.9683869629E+01               0.0E+00      T  T
    305   0     9  3.9683869629E+01               0.0E+00      T  T
    306   0     9  3.9683869629E+01               0.0E+00      T  T
    307   0     9  3.9683869629E+01               0.0E+00      T  T
 
   Iter Phase Ninf   Infeasibility   RGmax    NSB   Step InItr MX OK
    308   0     9  3.9683869629E+01               0.0E+00      T  T
    309   0     9  3.9683869629E+01               0.0E+00      T  T
    310   0     9  3.9683869629E+01               0.0E+00      T  T
    311   0     9  3.9683869629E+01               0.0E+00      T  T
    312   0     9  3.9683869629E+01               0.0E+00      T  T
    313   0     9  3.9683869629E+01               0.0E+00      T  T
    314   0     9  3.9683869629E+01               0.0E+00      T  T
    315   0     9  3.9683869629E+01               0.0E+00      T  T
    316   0     9  3.9683869629E+01               0.0E+00      T  T
    317   0     9  3.9683869629E+01               0.0E+00      T  T
 
   Iter Phase Ninf   Infeasibility   RGmax    NSB   Step InItr MX OK
    318   0     9  3.9683869629E+01               0.0E+00      T  T
    319   0     9  3.9683869629E+01               0.0E+00      T  T
    320   0     9  3.9683869629E+01               0.0E+00      T  T
    321   0     9  3.9683869629E+01               0.0E+00      T  T
    322   0     9  3.9683869629E+01               0.0E+00      T  T
    323   0     9  3.9683869629E+01               0.0E+00      T  T
    324   0     9  3.9683869629E+01               0.0E+00      T  T
    325   0     9  3.9683869629E+01               0.0E+00      T  T
    326   0     9  3.9683869629E+01               0.0E+00      T  T
    327   0     9  3.9683869629E+01               0.0E+00      T  T
 
   Iter Phase Ninf   Infeasibility   RGmax    NSB   Step InItr MX OK
    328   0     9  3.9683869629E+01               0.0E+00      T  T
    329   0     9  3.9683869629E+01               0.0E+00      T  T
    330   0     9  3.9683869629E+01               0.0E+00      T  T
    331   0     9  3.9683869629E+01               0.0E+00      T  T
    332   0     9  3.9683869629E+01               0.0E+00      T  T
    333   0     9  3.9683869629E+01               0.0E+00      T  T
    334   0     9  3.9683869629E+01               0.0E+00      T  T
    335   0     9  3.9683869629E+01               0.0E+00      T  T
    336   0     9  3.9683869629E+01               0.0E+00      T  T
    337   0     9  3.9683869629E+01               0.0E+00      T  T
 
   Iter Phase Ninf   Infeasibility   RGmax    NSB   Step InItr MX OK
    338   0     9  3.9683869629E+01               0.0E+00      T  T
    339   0     9  3.9683869629E+01               0.0E+00      T  T
    340   0     9  3.9683869629E+01               0.0E+00      T  T
    341   0     9  3.9683869629E+01               0.0E+00      T  T
    342   0     9  3.9683869629E+01               0.0E+00      T  T
    343   0     9  3.9683869629E+01               0.0E+00      T  T
    344   0     9  3.9683869629E+01               0.0E+00      T  T
    345   0     9  3.9683869629E+01               0.0E+00      T  T
    346   0     9  3.9683869629E+01               0.0E+00      T  T
    347   0     9  3.9683869629E+01               0.0E+00      T  T
 
   Iter Phase Ninf   Infeasibility   RGmax    NSB   Step InItr MX OK
    348   0     9  3.9683869629E+01               0.0E+00      T  T
    349   0     9  3.9683869629E+01               0.0E+00      T  T
    350   0     9  3.9683869629E+01               0.0E+00      T  T
    351   0     9  3.9683869629E+01               0.0E+00      T  T
    352   0     9  3.9683869629E+01               0.0E+00      T  T
    353   0     9  3.9683869629E+01               0.0E+00      T  T
    354   0     9  3.9683869629E+01               0.0E+00      T  T
    355   0     9  3.9683869629E+01               0.0E+00      T  T
    356   0     9  3.9683869629E+01               0.0E+00      T  T
    357   0     9  3.9683869629E+01               0.0E+00      T  T
 
   Iter Phase Ninf   Infeasibility   RGmax    NSB   Step InItr MX OK
    358   0     9  3.9683869629E+01               0.0E+00      T  T
    359   0     9  3.9683869629E+01               0.0E+00      T  T
    360   0     9  3.9683869629E+01               0.0E+00      T  T
    361   0     9  3.9683869629E+01               0.0E+00      T  T
    362   0     9  3.9683869629E+01               0.0E+00      T  T
    363   0     9  3.9683869629E+01               0.0E+00      T  T
    364   0     9  3.9683869629E+01               0.0E+00      T  T
    365   0     9  3.9683869629E+01               0.0E+00      T  T
    366   0     9  3.9683869629E+01               0.0E+00      T  T
    367   0     9  3.9683869629E+01               0.0E+00      T  T
 
   Iter Phase Ninf   Infeasibility   RGmax    NSB   Step InItr MX OK
    368   0     9  3.9683869629E+01               0.0E+00      T  T
    369   0     9  3.9683869629E+01               0.0E+00      T  T
    370   0     9  3.9683869629E+01               0.0E+00      T  T
    371   0    10  3.9683869629E+01               0.0E+00      T  T
    372   0    11  3.9683869629E+01               0.0E+00      T  T
    373   0    11  3.9683869629E+01               0.0E+00      T  T
    374   0    11  3.9683869629E+01               0.0E+00      T  T
    375   0    11  3.9683869629E+01               0.0E+00      T  T
    376   0    11  3.9683869629E+01               0.0E+00      T  T
    377   0    12  3.9683869629E+01               0.0E+00      T  T
 
   Iter Phase Ninf   Infeasibility   RGmax    NSB   Step InItr MX OK
    378   0    13  3.9683869629E+01               0.0E+00      T  T
    379   0    13  3.9683869629E+01               0.0E+00      T  T
    380   0    13  3.9683869629E+01               0.0E+00      T  T
    381   0    13  3.9683869629E+01               0.0E+00      T  T
    382   0    13  3.9683869629E+01               0.0E+00      T  T
    383   0    13  3.9683869629E+01               0.0E+00      T  T
    384   0    13  3.9683869629E+01               0.0E+00      T  T
    385   0    13  3.9683869629E+01               0.0E+00      T  T
    386   0    13  3.9683869629E+01               0.0E+00      T  T
    387   0    13  3.9683869629E+01               0.0E+00      T  T
 
   Iter Phase Ninf   Infeasibility   RGmax    NSB   Step InItr MX OK
    388   0    13  3.9683869629E+01               0.0E+00      T  T
    389   0    13  3.9683869629E+01               0.0E+00      T  T
    390   0    13  3.9683869629E+01               0.0E+00      T  T
    391   0    13  3.9683869629E+01               0.0E+00      T  T
    392   0    13  3.9683869629E+01               0.0E+00      T  T
    393   0    13  3.9683869629E+01               0.0E+00      T  T
    394   0    13  3.9683869629E+01               0.0E+00      T  T
    395   0    13  3.9683869629E+01               0.0E+00      T  T
    396   0    13  3.9683869629E+01               0.0E+00      T  T
    397   0    13  3.9683869629E+01               0.0E+00      T  T
 
   Iter Phase Ninf   Infeasibility   RGmax    NSB   Step InItr MX OK
    398   0    13  3.9683869629E+01               0.0E+00      T  T
    399   0    13  3.9683869629E+01               0.0E+00      T  T
    400   0    13  3.9683869629E+01               0.0E+00      T  T
    401   0    13  3.9683869629E+01               0.0E+00      T  T
    402   0    13  3.9683869629E+01               0.0E+00      T  T
    403   0    13  3.9683869629E+01               0.0E+00      T  T
    404   0    13  3.9683869629E+01               0.0E+00      T  T
    405   0    13  3.9683869629E+01               0.0E+00      T  T
    406   0    13  3.9683869629E+01               0.0E+00      T  T
    407   0    13  3.9683869629E+01               0.0E+00      T  T
 
   Iter Phase Ninf   Infeasibility   RGmax    NSB   Step InItr MX OK
    408   0    13  3.9683869629E+01               0.0E+00      T  T
    409   0    13  3.9683869629E+01               0.0E+00      T  T
    410   0    13  3.9683869629E+01               0.0E+00      T  T
    411   0    13  3.9683869629E+01               0.0E+00      T  T
    412   0    13  3.9683869629E+01               0.0E+00      T  T
    413   0    13  3.9683869629E+01               0.0E+00      T  T
    414   0    13  3.9683869629E+01               0.0E+00      T  T
    415   0    13  3.9683869629E+01               0.0E+00      T  T
    416   0    13  3.9683869629E+01               0.0E+00      T  T
    417   0    13  3.9683869629E+01               0.0E+00      T  T
 
   Iter Phase Ninf   Infeasibility   RGmax    NSB   Step InItr MX OK
    418   0    13  3.9683869629E+01               0.0E+00      T  T
    419   0    13  3.9683869629E+01               0.0E+00      T  T
    420   0    13  3.9683869629E+01               0.0E+00      T  T
    421   0    13  3.9683869629E+01               0.0E+00      T  T
    422   0    13  3.9683869629E+01               0.0E+00      T  T
    423   0    13  3.9683869629E+01               0.0E+00      T  T
    424   0    13  3.9683869629E+01               0.0E+00      T  T
    425   0    13  3.9683869629E+01               0.0E+00      T  T
    426   0    13  3.9683869629E+01               0.0E+00      T  T
    427   0    13  3.9683869629E+01               0.0E+00      T  T
 
   Iter Phase Ninf   Infeasibility   RGmax    NSB   Step InItr MX OK
    428   0    13  3.9683869629E+01               0.0E+00      T  T
    429   0    13  3.9683869629E+01               0.0E+00      T  T
    430   0    13  3.9683869629E+01               0.0E+00      T  T
    431   0    14  3.9683869629E+01               0.0E+00      T  T
    432   0    15  3.9683869629E+01               0.0E+00      T  T
    433   0    16  3.9683869629E+01               0.0E+00      T  T
    434   0    16  3.9683869629E+01               0.0E+00      T  T
    435   0    16  3.9683869629E+01               0.0E+00      T  T
    436   0    16  3.9683869629E+01               0.0E+00      T  T
    437   0    16  3.9683869629E+01               0.0E+00      T  T
 
   Iter Phase Ninf   Infeasibility   RGmax    NSB   Step InItr MX OK
    438   0    16  3.9683869629E+01               0.0E+00      T  T
    439   0    16  3.9683869629E+01               0.0E+00      T  T
    440   0    16  3.9683869629E+01               0.0E+00      T  T
    441   0    16  3.9683869629E+01               0.0E+00      T  T
    442   0    16  3.9683869629E+01               0.0E+00      T  T
    443   0    16  3.9683869629E+01               0.0E+00      T  T
    444   0    16  3.9683869629E+01               0.0E+00      T  T
    445   0    16  3.9683869629E+01               0.0E+00      T  T
    446   0    16  3.9683869629E+01               0.0E+00      T  T
    447   0    16  3.9683869629E+01               0.0E+00      T  T
 
   Iter Phase Ninf   Infeasibility   RGmax    NSB   Step InItr MX OK
    448   0    16  3.9683869629E+01               0.0E+00      T  T
    449   0    16  3.9683869629E+01               0.0E+00      T  T
    450   0    16  3.9683869629E+01               0.0E+00      T  T
    451   0    16  3.9683869629E+01               0.0E+00      T  T
    452   0    16  3.9683869629E+01               0.0E+00      T  T
    453   0    16  3.9683869629E+01               0.0E+00      T  T
    454   0    16  3.9683869629E+01               0.0E+00      T  T
    455   0    16  3.9683869629E+01               0.0E+00      T  T
    456   0    16  3.9683869629E+01               0.0E+00      T  T
    457   0    16  3.9683869629E+01               0.0E+00      T  T
 
   Iter Phase Ninf   Infeasibility   RGmax    NSB   Step InItr MX OK
    458   0    16  3.9683869629E+01               0.0E+00      T  T
    459   0    16  3.9683869629E+01               0.0E+00      T  T
    460   0    16  3.9683869629E+01               0.0E+00      T  T
    461   0    16  3.9683869629E+01               0.0E+00      T  T
    462   0    16  3.9683869629E+01               0.0E+00      T  T
    463   0    16  3.9683869629E+01               0.0E+00      T  T
    464   0    16  3.9683869629E+01               0.0E+00      T  T
    465   0    16  3.9683869629E+01               0.0E+00      T  T
    466   0    16  3.9683869629E+01               0.0E+00      T  T
    467   0    16  3.9683869629E+01               0.0E+00      T  T
 
   Iter Phase Ninf   Infeasibility   RGmax    NSB   Step InItr MX OK
    468   0    16  3.9683869629E+01               0.0E+00      T  T
    469   0    16  3.9683869629E+01               0.0E+00      T  T
    470   0    16  3.9683869629E+01               0.0E+00      T  T
    471   0    16  3.9683869629E+01               0.0E+00      T  T
    472   0    16  3.9683869629E+01               0.0E+00      T  T
    473   0    16  3.9683869629E+01               0.0E+00      T  T
    474   0    16  3.9683869629E+01               0.0E+00      T  T
    475   0    16  3.9683869629E+01               0.0E+00      T  T
    476   0    16  3.9683869629E+01               0.0E+00      T  T
    477   0    16  3.9683869629E+01               0.0E+00      T  T
 
   Iter Phase Ninf   Infeasibility   RGmax    NSB   Step InItr MX OK
    478   0    16  3.9683869629E+01               0.0E+00      T  T
    479   0    16  3.9683869629E+01               0.0E+00      T  T
    480   0    16  3.9683869629E+01               0.0E+00      T  T
    481   0    16  3.9683869629E+01               0.0E+00      T  T
    482   0    16  3.9683869629E+01               0.0E+00      T  T
    483   0    16  3.9683869629E+01               0.0E+00      T  T
    484   0    16  3.9683869629E+01               0.0E+00      T  T
    485   0    16  3.9683869629E+01               0.0E+00      T  T
    486   0    16  3.9683869629E+01               0.0E+00      T  T
    487   0    16  3.9683869629E+01               0.0E+00      T  T
 
   Iter Phase Ninf   Infeasibility   RGmax    NSB   Step InItr MX OK
    488   0    16  3.9683869629E+01               0.0E+00      T  T
    489   0    16  3.9683869629E+01               0.0E+00      T  T
    490   0    16  3.9683869629E+01               0.0E+00      T  T
    491   0    16  3.9683869629E+01               0.0E+00      T  T
    492   0    16  3.9683869629E+01               0.0E+00      T  T
    493   0    17  3.9683869629E+01               0.0E+00      T  T
    494   0    18  3.9683869629E+01               0.0E+00      T  T
    495   0    18  3.9683869629E+01               0.0E+00      T  T
    496   0    18  3.9683869629E+01               0.0E+00      T  T
    497   0    18  3.9683869629E+01               0.0E+00      T  T
 
   Iter Phase Ninf   Infeasibility   RGmax    NSB   Step InItr MX OK
    498   0    18  3.9683869629E+01               0.0E+00      T  T
    499   0    18  3.9683869629E+01               0.0E+00      T  T
    500   0    18  3.9683869629E+01               0.0E+00      T  T
    501   0    18  3.9683869629E+01               0.0E+00      T  T
    502   0    18  3.9683869629E+01               0.0E+00      T  T
    503   0    18  3.9683869629E+01               0.0E+00      T  T
    504   0    18  3.9683869629E+01               0.0E+00      T  T
    505   0    18  3.9683869629E+01               0.0E+00      T  T
    506   0    18  3.9683869629E+01               0.0E+00      T  T
    507   0    18  3.9683869629E+01               0.0E+00      T  T
 
   Iter Phase Ninf   Infeasibility   RGmax    NSB   Step InItr MX OK
    508   0    18  3.9683869629E+01               0.0E+00      T  T
    509   0    18  3.9683869629E+01               0.0E+00      T  T
    510   0    18  3.9683869629E+01               0.0E+00      T  T
    511   0    18  3.9683869629E+01               0.0E+00      T  T
    512   0    18  3.9683869629E+01               0.0E+00      T  T
    513   0    18  3.9683869629E+01               0.0E+00      T  T
    514   0    18  3.9683869629E+01               0.0E+00      T  T
    515   0    18  3.9683869629E+01               0.0E+00      T  T
    516   0    18  3.9683869629E+01               0.0E+00      T  T
    517   0    18  3.9683869629E+01               0.0E+00      T  T
 
   Iter Phase Ninf   Infeasibility   RGmax    NSB   Step InItr MX OK
    518   0    18  3.9683869629E+01               0.0E+00      T  T
    519   0    18  3.9683869629E+01               0.0E+00      T  T
    520   0    18  3.9683869629E+01               0.0E+00      T  T
    521   0    18  3.9683869629E+01               0.0E+00      T  T
    522   0    18  3.9683869629E+01               0.0E+00      T  T
    523   0    18  3.9683869629E+01               0.0E+00      T  T
    524   0    18  3.9683869629E+01               0.0E+00      T  T
    525   0    18  3.9683869629E+01               0.0E+00      T  T
    526   0    18  3.9683869629E+01               0.0E+00      T  T
    527   0    18  3.9683869629E+01               0.0E+00      T  T
 
   Iter Phase Ninf   Infeasibility   RGmax    NSB   Step InItr MX OK
    528   0    18  3.9683869629E+01               0.0E+00      T  T
    529   0    18  3.9683869629E+01               0.0E+00      T  T
    530   0    18  3.9683869629E+01               0.0E+00      T  T
    531   0    18  3.9683869629E+01               0.0E+00      T  T
    532   0    18  3.9683869629E+01               0.0E+00      T  T
    533   0    18  3.9683869629E+01               0.0E+00      T  T
    534   0    18  3.9683869629E+01               0.0E+00      T  T
    535   0    18  3.9683869629E+01               0.0E+00      T  T
    536   0    18  3.9683869629E+01               0.0E+00      T  T
    537   0    18  3.9683869629E+01               0.0E+00      T  T
 
   Iter Phase Ninf   Infeasibility   RGmax    NSB   Step InItr MX OK
    538   0    18  3.9683869629E+01               0.0E+00      T  T
    539   0    18  3.9683869629E+01               0.0E+00      T  T
    540   0    18  3.9683869629E+01               0.0E+00      T  T
    541   0    18  3.9683869629E+01               0.0E+00      T  T
    542   0    18  3.9683869629E+01               0.0E+00      T  T
    543   0    18  3.9683869629E+01               0.0E+00      T  T
    544   0    18  3.9683869629E+01               0.0E+00      T  T
    545   0    18  3.9683869629E+01               0.0E+00      T  T
    546   0    18  3.9683869629E+01               0.0E+00      T  T
    547   0    18  3.9683869629E+01               0.0E+00      T  T
 
   Iter Phase Ninf   Infeasibility   RGmax    NSB   Step InItr MX OK
    548   0    18  3.9683869629E+01               0.0E+00      T  T
    549   0    18  3.9683869629E+01               0.0E+00      T  T
    550   0    18  3.9683869629E+01               0.0E+00      T  T
    551   0    18  3.9683869629E+01               0.0E+00      T  T
    552   0    18  3.9683869629E+01               0.0E+00      T  T
    553   0    18  3.9683869629E+01               0.0E+00      T  T
    554   0    18  3.9683869629E+01               0.0E+00      T  T
    555   0    18  3.9683869629E+01               0.0E+00      T  T
    556   0    18  3.9683869629E+01               0.0E+00      T  T
    557   0    18  3.9683869629E+01               0.0E+00      T  T
 
   Iter Phase Ninf   Infeasibility   RGmax    NSB   Step InItr MX OK
    558   0    18  3.9683869629E+01               0.0E+00      T  T
    559   0    18  3.9683869629E+01               0.0E+00      T  T
    560   0    18  3.9683869629E+01               0.0E+00      T  T
    561   0    18  3.9683869629E+01               0.0E+00      T  T
    562   0    18  3.9683869629E+01               0.0E+00      T  T
    563   0    18  3.9683869629E+01               0.0E+00      T  T
    564   0    18  3.9683869629E+01               0.0E+00      T  T
    565   0    19  3.9683869629E+01               0.0E+00      T  T
    566   0    20  3.9683869629E+01               1.0E+00      F  T
    567   1    18  3.6575551469E+01 3.8E+01     1 1.0E+00   43 T  T
 
   Iter Phase Ninf   Infeasibility   RGmax    NSB   Step InItr MX OK
    568   1    17  3.6094645712E+01 7.3E+00    27 1.0E+00   57 T  T
    569   1    17  3.5941038450E+01 9.9E+00    22 1.0E+00   55 T  T
    570   1    17  3.5828009452E+01 1.8E+00    22 1.0E+00   63 T  T
    571   1    17  3.5687360099E+01 8.4E+00    24 1.0E+00   68 T  T
    572   1    16  3.5570721600E+01 3.5E+01    19 1.0E+00   73 T  T
    573   1    16  3.5458271391E+01 1.2E+01    39 1.0E+00   78 T  T
    574   1    16  3.5140633025E+01 2.9E+00    39 1.0E+00   81 T  T
    575   1    16  3.5034859013E+01 6.2E+00    31 1.0E+00   88 T  T
    576   1    16  3.4801522791E+01 7.7E+00    35 1.0E+00   93 T  T
    577   1    15  3.2379520775E+01 1.1E+01    35 1.0E+00   98 T  T
 
   Iter Phase Ninf   Infeasibility   RGmax    NSB   Step InItr MX OK
    578   1    15  3.1829499015E+01 5.8E+00    49 1.0E+00  106 T  T
    579   1    14  3.1536137118E+01 4.7E+00    43 1.0E+00  108 T  T
    580   1    14  3.1425248643E+01 3.4E+00    35 1.0E+00  114 T  T
    581   1    14  3.1347412791E+01 1.4E+00    42 1.0E+00  118 T  T
    582   1    14  3.0491845908E+01 7.6E+00    58 1.0E+00  123 T  T
    583   1    14  3.0231722003E+01 1.3E+00    70 1.0E+00  130 T  T
    584   1    13  2.9554966723E+01 1.3E+00    49 1.0E+00  133 T  T
    585   1    12  2.8691403622E+01 3.6E+00    44 1.0E+00  138 T  T
    586   1    12  2.7555623840E+01 6.6E+00    61 1.0E+00  143 T  T
    587   1    12  2.7430665442E+01 1.9E+00    33 1.0E+00  153 T  T
 
   Iter Phase Ninf   Infeasibility   RGmax    NSB   Step InItr MX OK
    588   1    11  2.6077889045E+01 1.0E+01    72 1.0E+00  153 T  T
    589   1    11  2.5807363098E+01 2.6E+01    32 1.0E+00  161 T  T
    590   1    10  2.5545668614E+01 1.4E+01    33 1.0E+00  163 T  T
    591   1    10  2.5384182202E+01 1.8E+00    39 1.0E+00  168 T  T
    592   1    10  2.4998585417E+01 3.5E+01    49 1.0E+00  173 T  T
    593   1    10  2.4797300138E+01 5.6E+00    36 1.0E+00  178 T  T
    594   1     9  2.3441416424E+01 4.9E+00    47 1.0E+00  183 T  T
    595   1     8  2.1361224534E+01 1.6E+01    45 1.0E+00  188 T  T
    596   1     8  2.0614812354E+01 1.1E+01    51 1.0E+00  195 T  T
    597   1     7  1.9674234211E+01 3.4E+00    69 1.0E+00  198 T  T
 
   Iter Phase Ninf   Infeasibility   RGmax    NSB   Step InItr MX OK
    598   1     7  1.9185024638E+01 9.5E+00    55 1.0E+00  203 T  T
    599   1     7  1.8938072428E+01 1.3E+02    62 1.0E+00  209 T  T
    600   1     7  1.8690151599E+01 8.9E+00    54 1.0E+00  213 T  T
    601   1     7  1.8511812278E+01 1.8E+00    40 1.0E+00  218 T  T
    602   1     7  1.8357544760E+01 4.9E+01    50 1.0E+00  223 T  T
    603   1     7  1.8201813571E+01 6.9E+00    33 1.0E+00  228 T  T
    604   1     7  1.8056793991E+01 2.6E+00    56 1.0E+00  233 T  T
    605   1     7  1.5202541320E+01 2.4E+01    86 1.0E+00  238 T  T
    606   1     6  1.3774022817E+01 1.1E+01    54 1.0E+00  243 T  T
    607   1     5  1.2068328668E+01 2.8E+01    79 1.0E+00  243 T  T
 
   Iter Phase Ninf   Infeasibility   RGmax    NSB   Step InItr MX OK
    608   1     5  1.1526830781E+01 3.8E+01    77 1.0E+00  255 T  T
    609   1     4  8.9477440323E+00 1.2E+01    74 1.0E+00  258 T  T
    610   1     4  8.7171480599E+00 9.6E+00    91 1.0E+00  268 T  T
    611   1     3  6.6896022606E+00 3.5E+00    89 1.0E+00  268 T  T
    612   1     2  4.3198814348E+00 1.1E+01    81 1.0E+00  273 T  T
    613   1     1  2.1986953467E+00 6.0E+00    59 1.0E+00  278 T  T
 
 ** Feasible solution. Value of objective =    0.00000000000
 
   Iter Phase Ninf     Objective     RGmax    NSB   Step InItr MX OK
    614   3        3.5310110634E+03 9.5E+03    17 1.0E+00   17 T  T
    615   3        4.8585528206E+03 5.9E+03    21 1.0E+00   28 T  T
    616   3        5.9798464180E+03 1.6E+03    21 1.0E+00   32 T  T
    617   3        6.6433559446E+03 4.4E+03    17 1.0E+00   37 T  T
    618   3        7.3056962661E+03 7.3E+02    20 1.0E+00   42 T  T
    619   3        8.1864611004E+03 1.2E+03    18 1.0E+00   47 T  T
    620   3        8.7054395556E+03 1.0E+03    17 1.0E+00   52 T  T
    621   3        9.1401928917E+03 1.4E+03    22 1.0E+00   57 T  T
    622   3        9.8775719763E+03 1.1E+03    26 1.0E+00   62 T  T
    623   3        1.0273638933E+04 1.0E+00    21 1.0E+00   67 T  T
 
   Iter Phase Ninf     Objective     RGmax    NSB   Step InItr MX OK
    624   3        1.0656073925E+04 2.1E+02    32 1.0E+00   71 T  T
    625   3        1.1353340387E+04 1.3E+02    27 1.0E+00   77 T  T
    626   3        1.1961259168E+04 3.3E+02    23 1.0E+00   82 T  T
    627   3        1.2905265565E+04 9.6E+02    28 1.0E+00   84 T  T
    628   3        1.4158210802E+04 1.7E+03    36 1.0E+00   92 T  T
    629   3        1.7186107961E+04 1.0E+00    36 1.0E+00   97 T  T
    630   3        2.1085840832E+04 3.9E+03    64 1.0E+00  102 T  T
    631   3        2.4318386036E+04 2.4E+03    42 1.0E+00  107 T  T
    632   3        2.7247302402E+04 4.1E+04    40 1.0E+00  112 T  T
    633   3        2.9496048870E+04 4.2E+03    32 1.0E+00  117 T  T
 
   Iter Phase Ninf     Objective     RGmax    NSB   Step InItr MX OK
    634   3        3.1799841115E+04 1.0E+00    32 1.0E+00  122 T  T
    635   3        3.4672529275E+04 1.1E+04    45 1.0E+00  127 T  T
    636   3        3.7028602075E+04 1.7E+04    39 1.0E+00  132 T  T
    637   3        4.0949065231E+04 2.3E+03    42 1.0E+00  137 T  T
    638   3        4.6650115815E+04 1.9E+01    63 1.0E+00  142 T  T
    639   3        5.1492021095E+04 1.1E+03    53 1.0E+00  147 T  T
    640   3        6.2390006043E+04 1.2E+03    71 1.0E+00  152 T  T
    641   3        7.7283419972E+04 3.3E+04    66 1.0E+00  157 T  T
    642   3        9.3587393215E+04 1.5E+02    77 1.0E+00  155 T  T
    643   3        1.1284108555E+05 1.6E+04    53 1.0E+00  161 T  T
   Elapsed time       30.1 seconds.
 
   Iter Phase Ninf     Objective     RGmax    NSB   Step InItr MX OK
    644   3        1.2737504076E+05 8.3E+04    67 1.0E+00  170 T  T
    645   3        1.3537567278E+05 1.5E+02    55 1.0E+00  175 T  T
    646   3        1.5643330296E+05 3.3E+04    89 1.0E+00  180 T  T
    647   3        1.6845012209E+05 3.1E+03    52 1.0E+00  185 T  T
    648   3        1.8128743257E+05 1.6E+03    55 1.0E+00  190 T  T
    649   3        1.9382778500E+05 4.4E+03    64 1.0E+00  195 T  T
    650   3        2.0277681306E+05 1.5E+04    79 1.0E+00  200 T  T
    651   3        2.1556883127E+05 3.0E+02    79 1.0E+00  205 T  T
    652   3        2.2483939619E+05 6.2E+02    94 1.0E+00  210 T  T
    653   3        2.3091284037E+05 1.1E+03    66 1.0E+00  215 T  T
 
   Iter Phase Ninf     Objective     RGmax    NSB   Step InItr MX OK
    654   3        2.3611098049E+05 1.0E+00    75 1.0E+00  220 T  T
    655   3        2.4080080221E+05 2.4E+03    89 1.0E+00  225 T  T
    656   3        2.4200777127E+05 3.7E+02    70 1.0E+00  119 T  T
    657   3        2.4200777127E+05 0.0E+00    70 0.0E+00    0 F  T
    658   3        2.4200777127E+05 0.0E+00    70
 
 ** Optimal solution. Reduced gradient less than tolerance.
 
--- Restarting execution
--- Creating Hons ThesisDairy Linear Program.gms(846) 0 Mb
--- Reading solution for model DairyFarm
--- Executing after solve
--- Creating Hons ThesisDairy Linear Program.gms(1048) 3 Mb
--- Creating Hons ThesisDairy Linear Program.gms(1089) 3 Mb
--- Creating Hons ThesisDairy Linear Program.gms(1128) 3 Mb
--- Creating Hons ThesisDairy Linear Program.gms(1130) 3 Mb
Press any key to continue . . . 
--- Putfile xl_csv C:\Documents and Settings\Neal\My Documents\gamsdir\xlchart.csv
--- Putfile xl_vbs C:\Documents and Settings\Neal\My Documents\gamsdir\xlchart.vbs
*** Status: Normal completion
--- Job Creating Hons ThesisDairy Linear Program.gms Stop 04/20/06 11:28:26 elapsed 0:00:35.843
